# JRE version: OpenJDK Runtime Environment (8.0_152-b06) (build 1.8.0_152-release-1136-b06)
# Java VM: OpenJDK 64-Bit Server VM (25.152-b06 mixed mode windows-amd64 compressed oops)
Heap:
 PSYoungGen      total 221184K, used 31188K [0x00000000e0000000, 0x00000000efc00000, 0x0000000100000000)
  eden space 210944K, 13% used [0x00000000e0000000,0x00000000e1cd4a28,0x00000000ece00000)
  from space 10240K, 16% used [0x00000000ef200000,0x00000000ef3a0820,0x00000000efc00000)
  to   space 23552K, 0% used [0x00000000ece00000,0x00000000ece00000,0x00000000ee500000)
 ParOldGen       total 93184K, used 47708K [0x00000000a0000000, 0x00000000a5b00000, 0x00000000e0000000)
  object space 93184K, 51% used [0x00000000a0000000,0x00000000a2e97268,0x00000000a5b00000)
 Metaspace       used 79181K, capacity 81854K, committed 83584K, reserved 1122304K
  class space    used 9983K, capacity 10609K, committed 11136K, reserved 1048576K
GC Heap History (10 events):
Event: 12424.047 GC heap before
{Heap before GC invocations=22 (full 3):
 PSYoungGen      total 220160K, used 220019K [0x00000000e0000000, 0x00000000f1a80000, 0x0000000100000000)
  eden space 208384K, 99% used [0x00000000e0000000,0x00000000ecb7f350,0x00000000ecb80000)
  from space 11776K, 98% used [0x00000000f0f00000,0x00000000f1a5db70,0x00000000f1a80000)
  to   space 17920K, 0% used [0x00000000ef780000,0x00000000ef780000,0x00000000f0900000)
 ParOldGen       total 93184K, used 59343K [0x00000000a0000000, 0x00000000a5b00000, 0x00000000e0000000)
  object space 93184K, 63% used [0x00000000a0000000,0x00000000a39f3fd0,0x00000000a5b00000)
 Metaspace       used 76649K, capacity 79724K, committed 79872K, reserved 1118208K
  class space    used 9873K, capacity 10676K, committed 10752K, reserved 1048576K
Event: 12424.156 GC heap after
Heap after GC invocations=22 (full 3):
 PSYoungGen      total 217088K, used 16647K [0x00000000e0000000, 0x00000000f0f80000, 0x0000000100000000)
  eden space 200192K, 0% used [0x00000000e0000000,0x00000000e0000000,0x00000000ec380000)
  from space 16896K, 98% used [0x00000000ef780000,0x00000000f07c1ec0,0x00000000f0800000)
  to   space 7680K, 0% used [0x00000000f0800000,0x00000000f0800000,0x00000000f0f80000)
 ParOldGen       total 93184K, used 59351K [0x00000000a0000000, 0x00000000a5b00000, 0x00000000e0000000)
  object space 93184K, 63% used [0x00000000a0000000,0x00000000a39f5fd0,0x00000000a5b00000)
 Metaspace       used 76649K, capacity 79724K, committed 79872K, reserved 1118208K
  class space    used 9873K, capacity 10676K, committed 10752K, reserved 1048576K
}
Event: 15714.670 GC heap before
{Heap before GC invocations=23 (full 3):
 PSYoungGen      total 217088K, used 216839K [0x00000000e0000000, 0x00000000f0f80000, 0x0000000100000000)
  eden space 200192K, 100% used [0x00000000e0000000,0x00000000ec380000,0x00000000ec380000)
  from space 16896K, 98% used [0x00000000ef780000,0x00000000f07c1ec0,0x00000000f0800000)
  to   space 7680K, 0% used [0x00000000f0800000,0x00000000f0800000,0x00000000f0f80000)
 ParOldGen       total 93184K, used 59351K [0x00000000a0000000, 0x00000000a5b00000, 0x00000000e0000000)
  object space 93184K, 63% used [0x00000000a0000000,0x00000000a39f5fd0,0x00000000a5b00000)
 Metaspace       used 77621K, capacity 80880K, committed 81152K, reserved 1120256K
  class space    used 9916K, capacity 10718K, committed 10752K, reserved 1048576K
Event: 15714.736 GC heap after
Heap after GC invocations=23 (full 3):
 PSYoungGen      total 200192K, used 7679K [0x00000000e0000000, 0x00000000f0f80000, 0x0000000100000000)
  eden space 192512K, 0% used [0x00000000e0000000,0x00000000e0000000,0x00000000ebc00000)
  from space 7680K, 99% used [0x00000000f0800000,0x00000000f0f7fd98,0x00000000f0f80000)
  to   space 24576K, 0% used [0x00000000edf80000,0x00000000edf80000,0x00000000ef780000)
 ParOldGen       total 93184K, used 75495K [0x00000000a0000000, 0x00000000a5b00000, 0x00000000e0000000)
  object space 93184K, 81% used [0x00000000a0000000,0x00000000a49b9ca0,0x00000000a5b00000)
 Metaspace       used 77621K, capacity 80880K, committed 81152K, reserved 1120256K
  class space    used 9916K, capacity 10718K, committed 10752K, reserved 1048576K
}
Event: 15728.381 GC heap before
{Heap before GC invocations=24 (full 3):
 PSYoungGen      total 200192K, used 199408K [0x00000000e0000000, 0x00000000f0f80000, 0x0000000100000000)
  eden space 192512K, 99% used [0x00000000e0000000,0x00000000ebb3c3e0,0x00000000ebc00000)
  from space 7680K, 99% used [0x00000000f0800000,0x00000000f0f7fd98,0x00000000f0f80000)
  to   space 24576K, 0% used [0x00000000edf80000,0x00000000edf80000,0x00000000ef780000)
 ParOldGen       total 93184K, used 75495K [0x00000000a0000000, 0x00000000a5b00000, 0x00000000e0000000)
  object space 93184K, 81% used [0x00000000a0000000,0x00000000a49b9ca0,0x00000000a5b00000)
 Metaspace       used 79942K, capacity 83402K, committed 83584K, reserved 1122304K
  class space    used 10213K, capacity 11031K, committed 11136K, reserved 1048576K
Event: 15728.444 GC heap after
Heap after GC invocations=24 (full 3):
 PSYoungGen      total 196608K, used 10849K [0x00000000e0000000, 0x00000000f0880000, 0x0000000100000000)
  eden space 185344K, 0% used [0x00000000e0000000,0x00000000e0000000,0x00000000eb500000)
  from space 11264K, 96% used [0x00000000edf80000,0x00000000eea18640,0x00000000eea80000)
  to   space 23040K, 0% used [0x00000000ef200000,0x00000000ef200000,0x00000000f0880000)
 ParOldGen       total 93184K, used 79575K [0x00000000a0000000, 0x00000000a5b00000, 0x00000000e0000000)
  object space 93184K, 85% used [0x00000000a0000000,0x00000000a4db5fa8,0x00000000a5b00000)
 Metaspace       used 79942K, capacity 83402K, committed 83584K, reserved 1122304K
  class space    used 10213K, capacity 11031K, committed 11136K, reserved 1048576K
}
Event: 15728.444 GC heap before
{Heap before GC invocations=25 (full 4):
 PSYoungGen      total 196608K, used 10849K [0x00000000e0000000, 0x00000000f0880000, 0x0000000100000000)
  eden space 185344K, 0% used [0x00000000e0000000,0x00000000e0000000,0x00000000eb500000)
  from space 11264K, 96% used [0x00000000edf80000,0x00000000eea18640,0x00000000eea80000)
  to   space 23040K, 0% used [0x00000000ef200000,0x00000000ef200000,0x00000000f0880000)
 ParOldGen       total 93184K, used 79575K [0x00000000a0000000, 0x00000000a5b00000, 0x00000000e0000000)
  object space 93184K, 85% used [0x00000000a0000000,0x00000000a4db5fa8,0x00000000a5b00000)
 Metaspace       used 79942K, capacity 83402K, committed 83584K, reserved 1122304K
  class space    used 10213K, capacity 11031K, committed 11136K, reserved 1048576K
Event: 15729.625 GC heap after
Heap after GC invocations=25 (full 4):
 PSYoungGen      total 196608K, used 0K [0x00000000e0000000, 0x00000000f0880000, 0x0000000100000000)
  eden space 185344K, 0% used [0x00000000e0000000,0x00000000e0000000,0x00000000eb500000)
  from space 11264K, 0% used [0x00000000edf80000,0x00000000edf80000,0x00000000eea80000)
  to   space 23040K, 0% used [0x00000000ef200000,0x00000000ef200000,0x00000000f0880000)
 ParOldGen       total 93184K, used 47700K [0x00000000a0000000, 0x00000000a5b00000, 0x00000000e0000000)
  object space 93184K, 51% used [0x00000000a0000000,0x00000000a2e95268,0x00000000a5b00000)
 Metaspace       used 78154K, capacity 80644K, committed 83584K, reserved 1122304K
  class space    used 9845K, capacity 10414K, committed 11136K, reserved 1048576K
}
Event: 15731.548 GC heap before
{Heap before GC invocations=26 (full 4):
 PSYoungGen      total 196608K, used 185344K [0x00000000e0000000, 0x00000000f0880000, 0x0000000100000000)
  eden space 185344K, 100% used [0x00000000e0000000,0x00000000eb500000,0x00000000eb500000)
  from space 11264K, 0% used [0x00000000edf80000,0x00000000edf80000,0x00000000eea80000)
  to   space 23040K, 0% used [0x00000000ef200000,0x00000000ef200000,0x00000000f0880000)
 ParOldGen       total 93184K, used 47700K [0x00000000a0000000, 0x00000000a5b00000, 0x00000000e0000000)
  object space 93184K, 51% used [0x00000000a0000000,0x00000000a2e95268,0x00000000a5b00000)
 Metaspace       used 79060K, capacity 81708K, committed 83584K, reserved 1122304K
  class space    used 9964K, capacity 10590K, committed 11136K, reserved 1048576K
Event: 15731.558 GC heap after
Heap after GC invocations=26 (full 4):
 PSYoungGen      total 221184K, used 1666K [0x00000000e0000000, 0x00000000efc00000, 0x0000000100000000)
  eden space 210944K, 0% used [0x00000000e0000000,0x00000000e0000000,0x00000000ece00000)
  from space 10240K, 16% used [0x00000000ef200000,0x00000000ef3a0820,0x00000000efc00000)
  to   space 23552K, 0% used [0x00000000ece00000,0x00000000ece00000,0x00000000ee500000)
 ParOldGen       total 93184K, used 47708K [0x00000000a0000000, 0x00000000a5b00000, 0x00000000e0000000)
  object space 93184K, 51% used [0x00000000a0000000,0x00000000a2e97268,0x00000000a5b00000)
 Metaspace       used 79060K, capacity 81708K, committed 83584K, reserved 1122304K
  class space    used 9964K, capacity 10590K, committed 11136K, reserved 1048576K
}

